Testing module: chatgpt
============================= test session starts ==============================
platform darwin -- Python 3.12.1, pytest-8.3.5, pluggy-1.5.0
rootdir: /Users/martinrenner/Projects/BP
plugins: anyio-4.6.2.post1
collected 88 items

generated/code/calculator/6-role-few_shot/iteration_4/5_functional_correctness-chatgpt.py . [  1%]
.....................................FF................................. [ 82%]
...............                                                          [100%]

=================================== FAILURES ===================================
_____________________________ test_divide_neutral ______________________________

calc = <chatgpt.Calculator object at 0x102783290>

    def test_divide_neutral(calc):
        with pytest.raises(ZeroDivisionError):
>           calc.calculate("5/0")

generated/code/calculator/6-role-few_shot/iteration_4/5_functional_correctness-chatgpt.py:314: 
_ _ _ _ _ _ _ _ _ _ _ _ _ _ _ _ _ _ _ _ _ _ _ _ _ _ _ _ _ _ _ _ _ _ _ _ _ _ _ _ 
generated/code/calculator/6-role-few_shot/iteration_4/chatgpt.py:29: in calculate
    result = self._parse_expression()
generated/code/calculator/6-role-few_shot/iteration_4/chatgpt.py:84: in _parse_expression
    value = self._parse_term()
_ _ _ _ _ _ _ _ _ _ _ _ _ _ _ _ _ _ _ _ _ _ _ _ _ _ _ _ _ _ _ _ _ _ _ _ _ _ _ _ 

self = <chatgpt.Calculator object at 0x102783290>

    def _parse_term(self) -> float:
        """
        Parses a term handling multiplication and division operators.
    
        Returns:
            float: The computed term value.
        """
        value = self._parse_factor()
        while self.index < len(self.expression) and self.expression[self.index] in "*/":
            op = self.expression[self.index]
            self.index += 1  # consume the operator
            next_factor = self._parse_factor()
            if op == "*":
                value *= next_factor
            elif op == "/":
                if next_factor == 0:
>                   raise ValueError("Division by zero.")
E                   ValueError: Division by zero.

generated/code/calculator/6-role-few_shot/iteration_4/chatgpt.py:111: ValueError
__________________________ test_divide_neutral_float ___________________________

calc = <chatgpt.Calculator object at 0x10277e240>

    def test_divide_neutral_float(calc):
        with pytest.raises(ZeroDivisionError):
>           calc.calculate("5.0/0.0")

generated/code/calculator/6-role-few_shot/iteration_4/5_functional_correctness-chatgpt.py:321: 
_ _ _ _ _ _ _ _ _ _ _ _ _ _ _ _ _ _ _ _ _ _ _ _ _ _ _ _ _ _ _ _ _ _ _ _ _ _ _ _ 
generated/code/calculator/6-role-few_shot/iteration_4/chatgpt.py:29: in calculate
    result = self._parse_expression()
generated/code/calculator/6-role-few_shot/iteration_4/chatgpt.py:84: in _parse_expression
    value = self._parse_term()
_ _ _ _ _ _ _ _ _ _ _ _ _ _ _ _ _ _ _ _ _ _ _ _ _ _ _ _ _ _ _ _ _ _ _ _ _ _ _ _ 

self = <chatgpt.Calculator object at 0x10277e240>

    def _parse_term(self) -> float:
        """
        Parses a term handling multiplication and division operators.
    
        Returns:
            float: The computed term value.
        """
        value = self._parse_factor()
        while self.index < len(self.expression) and self.expression[self.index] in "*/":
            op = self.expression[self.index]
            self.index += 1  # consume the operator
            next_factor = self._parse_factor()
            if op == "*":
                value *= next_factor
            elif op == "/":
                if next_factor == 0:
>                   raise ValueError("Division by zero.")
E                   ValueError: Division by zero.

generated/code/calculator/6-role-few_shot/iteration_4/chatgpt.py:111: ValueError
=========================== short test summary info ============================
FAILED generated/code/calculator/6-role-few_shot/iteration_4/5_functional_correctness-chatgpt.py::test_divide_neutral
FAILED generated/code/calculator/6-role-few_shot/iteration_4/5_functional_correctness-chatgpt.py::test_divide_neutral_float
========================= 2 failed, 86 passed in 0.21s =========================
